[Mon, 28 Aug 2017 10:51:50 +0000] [/wp-admin/admin.php?page=w3tc_general&w3tc_message=59a3f5c5d83a8] [http://bristolgate.co/wp-admin/admin.php?page=w3tc_general&w3tc_message=59a3f592d20c4] skip processing because of generic constant
[Mon, 28 Aug 2017 10:52:13 +0000] [/] [-] start, can_cache: true
[Mon, 28 Aug 2017 10:52:13 +0000] [/] [-] no cache entry for 7e41a99510829ff94bba0c63931a8bab
[Mon, 28 Aug 2017 10:52:15 +0000] [/] [-] storing cached page: true original  true reason 
[Mon, 28 Aug 2017 10:52:18 +0000] [/?ga_action=googleanalytics_get_script] [http://bristolgate.co/] start, can_cache: false
[Mon, 28 Aug 2017 10:52:19 +0000] [/?ga_action=googleanalytics_get_script] [http://bristolgate.co/] storing cached page: false original false reason Requested method is POST
[Mon, 28 Aug 2017 10:52:19 +0000] [/?ga_action=googleanalytics_get_script] [http://bristolgate.co/] start, can_cache: false
[Mon, 28 Aug 2017 10:52:20 +0000] [/?ga_action=googleanalytics_get_script] [http://bristolgate.co/] start, can_cache: false
[Mon, 28 Aug 2017 10:52:20 +0000] [/?ga_action=googleanalytics_get_script] [http://bristolgate.co/] storing cached page: false original false reason Requested method is POST
[Mon, 28 Aug 2017 10:52:21 +0000] [/?ga_action=googleanalytics_get_script] [http://bristolgate.co/] storing cached page: false original false reason Requested method is POST
[Mon, 28 Aug 2017 10:52:25 +0000] [/wp-content/uploads/2016/11/cropped-BG_ID_Art_Rev-192x192.jpg] [-] start, can_cache: true
[Mon, 28 Aug 2017 10:52:25 +0000] [/wp-content/uploads/2016/11/cropped-BG_ID_Art_Rev-192x192.jpg] [-] no cache entry for 3a7022b26263b1eeaf696b151967ebc2
[Mon, 28 Aug 2017 10:52:27 +0000] [/wp-content/uploads/2016/11/cropped-BG_ID_Art_Rev-192x192.jpg] [-] storing cached page: false original  true reason Page is 404
[Mon, 28 Aug 2017 10:52:38 +0000] [/?ga_action=googleanalytics_get_script] [http://bristolgate.co/] start, can_cache: false
[Mon, 28 Aug 2017 10:52:39 +0000] [/?ga_action=googleanalytics_get_script] [http://bristolgate.co/] storing cached page: false original false reason Requested method is POST
[Mon, 28 Aug 2017 10:52:40 +0000] [/wp-content/uploads/2016/11/cropped-BG_ID_Art_Rev-192x192.jpg] [-] start, can_cache: true
[Mon, 28 Aug 2017 10:52:40 +0000] [/wp-content/uploads/2016/11/cropped-BG_ID_Art_Rev-192x192.jpg] [-] no cache entry for 3a7022b26263b1eeaf696b151967ebc2
[Mon, 28 Aug 2017 10:52:41 +0000] [/wp-content/uploads/2016/11/cropped-BG_ID_Art_Rev-192x192.jpg] [-] storing cached page: false original  true reason Page is 404
[Mon, 28 Aug 2017 10:52:55 +0000] [/wp-admin/admin-ajax.php] [http://bristolgate.co/wp-admin/admin.php?page=w3tc_general&w3tc_message=59a3f5c5d83a8] skip processing because of generic constant
[Mon, 28 Aug 2017 10:54:55 +0000] [/wp-admin/admin-ajax.php] [http://bristolgate.co/wp-admin/admin.php?page=w3tc_general&w3tc_message=59a3f5c5d83a8] skip processing because of generic constant
[Mon, 28 Aug 2017 10:56:55 +0000] [/wp-admin/admin-ajax.php] [http://bristolgate.co/wp-admin/admin.php?page=w3tc_general&w3tc_message=59a3f5c5d83a8] skip processing because of generic constant
[Mon, 28 Aug 2017 10:58:55 +0000] [/wp-admin/admin-ajax.php] [http://bristolgate.co/wp-admin/admin.php?page=w3tc_general&w3tc_message=59a3f5c5d83a8] skip processing because of generic constant
[Mon, 28 Aug 2017 11:00:55 +0000] [/wp-admin/admin-ajax.php] [http://bristolgate.co/wp-admin/admin.php?page=w3tc_general&w3tc_message=59a3f5c5d83a8] skip processing because of generic constant
[Mon, 28 Aug 2017 11:02:15 +0000] [/wp-admin/admin-ajax.php] [http://bristolgate.co/wp-admin/admin.php?page=w3tc_general&w3tc_message=59a3f5c5d83a8] skip processing because of generic constant
[Mon, 28 Aug 2017 11:02:27 +0000] [/?ga_action=googleanalytics_get_script] [http://bristolgate.co/] start, can_cache: false
[Mon, 28 Aug 2017 11:02:27 +0000] [/?ga_action=googleanalytics_get_script] [http://bristolgate.co/] storing cached page: false original false reason Requested method is POST
[Mon, 28 Aug 2017 11:02:29 +0000] [/wp-content/uploads/2016/11/cropped-BG_ID_Art_Rev-192x192.jpg] [-] start, can_cache: true
[Mon, 28 Aug 2017 11:02:29 +0000] [/wp-content/uploads/2016/11/cropped-BG_ID_Art_Rev-192x192.jpg] [-] no cache entry for 3a7022b26263b1eeaf696b151967ebc2
[Mon, 28 Aug 2017 11:02:30 +0000] [/wp-content/uploads/2016/11/cropped-BG_ID_Art_Rev-192x192.jpg] [-] storing cached page: false original  true reason Page is 404
[Mon, 28 Aug 2017 11:02:32 +0000] [/?ga_action=googleanalytics_get_script] [http://bristolgate.co/] start, can_cache: false
[Mon, 28 Aug 2017 11:02:33 +0000] [/?ga_action=googleanalytics_get_script] [http://bristolgate.co/] storing cached page: false original false reason Requested method is POST
[Mon, 28 Aug 2017 11:02:33 +0000] [/wp-content/uploads/2016/11/cropped-BG_ID_Art_Rev-192x192.jpg] [-] start, can_cache: true
[Mon, 28 Aug 2017 11:02:33 +0000] [/wp-content/uploads/2016/11/cropped-BG_ID_Art_Rev-192x192.jpg] [-] no cache entry for 3a7022b26263b1eeaf696b151967ebc2
[Mon, 28 Aug 2017 11:02:33 +0000] [/wp-content/uploads/2016/11/cropped-BG_ID_Art_Rev-32x32.jpg] [-] start, can_cache: true
[Mon, 28 Aug 2017 11:02:33 +0000] [/wp-content/uploads/2016/11/cropped-BG_ID_Art_Rev-32x32.jpg] [-] no cache entry for e378136a39d3a2f3efa7e8bb5438c71f
[Mon, 28 Aug 2017 11:02:33 +0000] [/wp-content/uploads/2016/11/cropped-BG_ID_Art_Rev-192x192.jpg] [-] start, can_cache: true
[Mon, 28 Aug 2017 11:02:33 +0000] [/wp-content/uploads/2016/11/cropped-BG_ID_Art_Rev-192x192.jpg] [-] no cache entry for 3a7022b26263b1eeaf696b151967ebc2
[Mon, 28 Aug 2017 11:02:35 +0000] [/wp-content/uploads/2016/11/cropped-BG_ID_Art_Rev-32x32.jpg] [-] storing cached page: false original  true reason Page is 404
[Mon, 28 Aug 2017 11:02:35 +0000] [/wp-content/uploads/2016/11/cropped-BG_ID_Art_Rev-192x192.jpg] [-] storing cached page: false original  true reason Page is 404
[Mon, 28 Aug 2017 11:02:35 +0000] [/wp-content/uploads/2016/11/cropped-BG_ID_Art_Rev-192x192.jpg] [-] storing cached page: false original  true reason Page is 404
[Mon, 28 Aug 2017 11:04:15 +0000] [/wp-admin/admin-ajax.php] [http://bristolgate.co/wp-admin/admin.php?page=w3tc_general&w3tc_message=59a3f5c5d83a8] skip processing because of generic constant
[Mon, 28 Aug 2017 11:06:15 +0000] [/wp-admin/admin-ajax.php] [http://bristolgate.co/wp-admin/admin.php?page=w3tc_general&w3tc_message=59a3f5c5d83a8] skip processing because of generic constant
[Mon, 28 Aug 2017 11:06:16 +0000] [/wp-cron.php?doing_wp_cron=1503918376.6077449321746826171875] [http://bristolgate.co/wp-cron.php?doing_wp_cron=1503918376.6077449321746826171875] skip processing because of generic constant
[Mon, 28 Aug 2017 11:08:15 +0000] [/wp-admin/admin-ajax.php] [http://bristolgate.co/wp-admin/admin.php?page=w3tc_general&w3tc_message=59a3f5c5d83a8] skip processing because of generic constant
[Mon, 28 Aug 2017 11:09:22 +0000] [/] [-] start, can_cache: true
[Mon, 28 Aug 2017 11:09:22 +0000] [/] [-] no cache entry for 7e41a99510829ff94bba0c63931a8bab
[Mon, 28 Aug 2017 11:09:23 +0000] [/] [-] start, can_cache: true
[Mon, 28 Aug 2017 11:09:23 +0000] [/] [-] no cache entry for 7e41a99510829ff94bba0c63931a8bab
[Mon, 28 Aug 2017 11:09:24 +0000] [/] [-] storing cached page: true original  true reason 
[Mon, 28 Aug 2017 11:09:25 +0000] [/] [-] storing cached page: true original  true reason 
[Mon, 28 Aug 2017 11:09:34 +0000] [/?ga_action=googleanalytics_get_script] [http://bristolgate.co/] start, can_cache: false
[Mon, 28 Aug 2017 11:09:35 +0000] [/?ga_action=googleanalytics_get_script] [http://bristolgate.co/] storing cached page: false original false reason Requested method is POST
[Mon, 28 Aug 2017 11:09:37 +0000] [/?ga_action=googleanalytics_get_script] [http://bristolgate.co/] start, can_cache: false
[Mon, 28 Aug 2017 11:09:38 +0000] [/?ga_action=googleanalytics_get_script] [http://bristolgate.co/] storing cached page: false original false reason Requested method is POST
[Mon, 28 Aug 2017 11:09:47 +0000] [/?ga_action=googleanalytics_get_script] [http://bristolgate.co/] start, can_cache: false
[Mon, 28 Aug 2017 11:09:48 +0000] [/?ga_action=googleanalytics_get_script] [http://bristolgate.co/] storing cached page: false original false reason Requested method is POST
[Mon, 28 Aug 2017 11:09:49 +0000] [/wp-content/uploads/2016/11/cropped-BG_ID_Art_Rev-192x192.jpg] [-] start, can_cache: true
[Mon, 28 Aug 2017 11:09:49 +0000] [/wp-content/uploads/2016/11/cropped-BG_ID_Art_Rev-192x192.jpg] [-] no cache entry for 3a7022b26263b1eeaf696b151967ebc2
[Mon, 28 Aug 2017 11:09:49 +0000] [/] [-] start, can_cache: false
[Mon, 28 Aug 2017 11:09:50 +0000] [/wp-content/uploads/2016/11/cropped-BG_ID_Art_Rev-192x192.jpg] [-] storing cached page: false original  true reason Page is 404
[Mon, 28 Aug 2017 11:09:51 +0000] [/] [-] storing cached page: false original false reason User is logged in
[Mon, 28 Aug 2017 11:10:03 +0000] [/] [http://bristolgate.co/] start, can_cache: false
[Mon, 28 Aug 2017 11:10:04 +0000] [/wp-admin/admin-ajax.php?action=w3tc_monitoring_score&6666cd76f96956469e7be39d750cc7d9] [http://bristolgate.co/] skip processing because of generic constant
[Mon, 28 Aug 2017 11:10:05 +0000] [/] [http://bristolgate.co/] storing cached page: false original false reason User is logged in
[Mon, 28 Aug 2017 11:10:05 +0000] [/?ga_action=googleanalytics_get_script] [http://bristolgate.co/] start, can_cache: false
[Mon, 28 Aug 2017 11:10:06 +0000] [/?ga_action=googleanalytics_get_script] [http://bristolgate.co/] storing cached page: false original false reason Requested method is POST
[Mon, 28 Aug 2017 11:10:11 +0000] [/] [-] start, can_cache: true
[Mon, 28 Aug 2017 11:10:11 +0000] [/] [-] no cache entry for 7e41a99510829ff94bba0c63931a8bab
[Mon, 28 Aug 2017 11:10:12 +0000] [/] [-] storing cached page: true original  true reason 
[Mon, 28 Aug 2017 11:10:15 +0000] [/wp-admin/admin-ajax.php] [http://bristolgate.co/wp-admin/admin.php?page=w3tc_general&w3tc_message=59a3f5c5d83a8] skip processing because of generic constant
[Mon, 28 Aug 2017 11:10:41 +0000] [/?ga_action=googleanalytics_get_script] [http://bristolgate.co/] start, can_cache: false
[Mon, 28 Aug 2017 11:10:42 +0000] [/?ga_action=googleanalytics_get_script] [http://bristolgate.co/] storing cached page: false original false reason Requested method is POST
[Mon, 28 Aug 2017 11:10:57 +0000] [/] [-] start, can_cache: true
[Mon, 28 Aug 2017 11:10:57 +0000] [/] [-] no cache entry for 7e41a99510829ff94bba0c63931a8bab
[Mon, 28 Aug 2017 11:10:58 +0000] [/] [-] storing cached page: true original  true reason 
[Mon, 28 Aug 2017 11:11:43 +0000] [/] [-] start, can_cache: true
[Mon, 28 Aug 2017 11:11:43 +0000] [/] [-] no cache entry for 7e41a99510829ff94bba0c63931a8bab
[Mon, 28 Aug 2017 11:11:44 +0000] [/] [-] storing cached page: true original  true reason 
[Mon, 28 Aug 2017 11:11:48 +0000] [/?ga_action=googleanalytics_get_script] [http://bristolgate.co/] start, can_cache: false
[Mon, 28 Aug 2017 11:11:49 +0000] [/?ga_action=googleanalytics_get_script] [http://bristolgate.co/] storing cached page: false original false reason Requested method is POST
[Mon, 28 Aug 2017 11:11:50 +0000] [/?ga_action=googleanalytics_get_script] [http://bristolgate.co/] start, can_cache: false
[Mon, 28 Aug 2017 11:11:51 +0000] [/?ga_action=googleanalytics_get_script] [http://bristolgate.co/] storing cached page: false original false reason Requested method is POST
[Mon, 28 Aug 2017 11:12:15 +0000] [/wp-admin/admin-ajax.php] [http://bristolgate.co/wp-admin/admin.php?page=w3tc_general&w3tc_message=59a3f5c5d83a8] skip processing because of generic constant
[Mon, 28 Aug 2017 11:15:06 +0000] [/] [-] start, can_cache: true
[Mon, 28 Aug 2017 11:15:06 +0000] [/] [-] no cache entry for 7e41a99510829ff94bba0c63931a8bab
[Mon, 28 Aug 2017 11:15:08 +0000] [/] [-] storing cached page: true original  true reason 
[Mon, 28 Aug 2017 11:15:12 +0000] [/?ga_action=googleanalytics_get_script] [http://bristolgate.co/] start, can_cache: false
[Mon, 28 Aug 2017 11:15:13 +0000] [/?ga_action=googleanalytics_get_script] [http://bristolgate.co/] storing cached page: false original false reason Requested method is POST
[Mon, 28 Aug 2017 11:15:14 +0000] [/?ga_action=googleanalytics_get_script] [http://bristolgate.co/] start, can_cache: false
[Mon, 28 Aug 2017 11:15:15 +0000] [/?ga_action=googleanalytics_get_script] [http://bristolgate.co/] storing cached page: false original false reason Requested method is POST
[Mon, 28 Aug 2017 11:15:16 +0000] [/wp-admin/admin-ajax.php] [http://bristolgate.co/wp-admin/post.php?post=12976&action=edit] skip processing because of generic constant
[Mon, 28 Aug 2017 11:15:16 +0000] [/wp-admin/admin-ajax.php] [http://bristolgate.co/wp-admin/admin.php?page=w3tc_general&w3tc_message=59a3f5c5d83a8] skip processing because of generic constant
[Mon, 28 Aug 2017 11:15:25 +0000] [/?ga_action=googleanalytics_get_script] [http://bristolgate.co/] start, can_cache: false
[Mon, 28 Aug 2017 11:15:26 +0000] [/wp-content/uploads/2016/11/cropped-BG_ID_Art_Rev-192x192.jpg] [-] start, can_cache: true
[Mon, 28 Aug 2017 11:15:26 +0000] [/wp-content/uploads/2016/11/cropped-BG_ID_Art_Rev-192x192.jpg] [-] no cache entry for 3a7022b26263b1eeaf696b151967ebc2
[Mon, 28 Aug 2017 11:15:26 +0000] [/?ga_action=googleanalytics_get_script] [http://bristolgate.co/] storing cached page: false original false reason Requested method is POST
[Mon, 28 Aug 2017 11:15:27 +0000] [/wp-content/uploads/2016/11/cropped-BG_ID_Art_Rev-192x192.jpg] [-] storing cached page: false original  true reason Page is 404
[Mon, 28 Aug 2017 11:15:31 +0000] [/wp-admin/admin-ajax.php] [http://bristolgate.co/wp-admin/post.php?post=12976&action=edit] skip processing because of generic constant
[Mon, 28 Aug 2017 11:15:32 +0000] [/wp-admin/options-general.php?page=aph-merge-scripts] [http://bristolgate.co/wp-admin/admin.php?page=w3tc_general&w3tc_message=59a3f5c5d83a8] skip processing because of generic constant
[Mon, 28 Aug 2017 11:15:40 +0000] [/wp-admin/admin.php?page=wpfastestcacheoptions] [http://bristolgate.co/wp-admin/options-general.php?page=aph-merge-scripts] skip processing because of generic constant
[Mon, 28 Aug 2017 11:15:45 +0000] [/wp-admin/admin-ajax.php?action=wpfc_db_statics&_=1503918974817] [http://bristolgate.co/wp-admin/admin.php?page=wpfastestcacheoptions] skip processing because of generic constant
[Mon, 28 Aug 2017 11:15:45 +0000] [/wp-admin/admin.php?page=wpfastestcacheoptions] [http://bristolgate.co/wp-admin/admin.php?page=wpfastestcacheoptions] skip processing because of generic constant
[Mon, 28 Aug 2017 11:15:50 +0000] [/wp-content/plugins/wp-fastest-cache/images/success.png] [http://bristolgate.co/wp-content/plugins/wp-fastest-cache/css/style.css?ver=1503918947] start, can_cache: false
[Mon, 28 Aug 2017 11:15:51 +0000] [/wp-content/plugins/wp-fastest-cache/images/success.png] [http://bristolgate.co/wp-content/plugins/wp-fastest-cache/css/style.css?ver=1503918947] storing cached page: false original false reason User is logged in
[Mon, 28 Aug 2017 11:15:52 +0000] [/wp-admin/admin-ajax.php?action=wpfc_db_statics&_=1503918981261] [http://bristolgate.co/wp-admin/admin.php?page=wpfastestcacheoptions] skip processing because of generic constant
[Mon, 28 Aug 2017 11:15:53 +0000] [/wp-cron.php?doing_wp_cron=1503918953.0316979885101318359375] [http://bristolgate.co/wp-cron.php?doing_wp_cron=1503918953.0316979885101318359375] skip processing because of generic constant
[Mon, 28 Aug 2017 11:16:08 +0000] [/?ga_action=googleanalytics_get_script] [http://bristolgate.co/] start, can_cache: false
[Mon, 28 Aug 2017 11:16:09 +0000] [/wp-content/uploads/2016/11/cropped-BG_ID_Art_Rev-192x192.jpg] [-] start, can_cache: true
[Mon, 28 Aug 2017 11:16:09 +0000] [/wp-content/uploads/2016/11/cropped-BG_ID_Art_Rev-192x192.jpg] [-] no cache entry for 3a7022b26263b1eeaf696b151967ebc2
[Mon, 28 Aug 2017 11:16:09 +0000] [/?ga_action=googleanalytics_get_script] [http://bristolgate.co/] storing cached page: false original false reason Requested method is POST
[Mon, 28 Aug 2017 11:16:10 +0000] [/wp-content/uploads/2016/11/cropped-BG_ID_Art_Rev-192x192.jpg] [-] storing cached page: false original  true reason Page is 404
[Mon, 28 Aug 2017 11:16:11 +0000] [/wp-content/uploads/2016/11/cropped-BG_ID_Art_Rev-32x32.jpg] [-] start, can_cache: true
[Mon, 28 Aug 2017 11:16:11 +0000] [/wp-content/uploads/2016/11/cropped-BG_ID_Art_Rev-32x32.jpg] [-] no cache entry for e378136a39d3a2f3efa7e8bb5438c71f
[Mon, 28 Aug 2017 11:16:11 +0000] [/wp-content/uploads/2016/11/cropped-BG_ID_Art_Rev-192x192.jpg] [-] start, can_cache: true
[Mon, 28 Aug 2017 11:16:11 +0000] [/wp-content/uploads/2016/11/cropped-BG_ID_Art_Rev-192x192.jpg] [-] no cache entry for 3a7022b26263b1eeaf696b151967ebc2
[Mon, 28 Aug 2017 11:16:12 +0000] [/wp-content/uploads/2016/11/cropped-BG_ID_Art_Rev-32x32.jpg] [-] storing cached page: false original  true reason Page is 404
[Mon, 28 Aug 2017 11:16:12 +0000] [/wp-content/uploads/2016/11/cropped-BG_ID_Art_Rev-192x192.jpg] [-] storing cached page: false original  true reason Page is 404
[Mon, 28 Aug 2017 11:16:13 +0000] [/] [-] start, can_cache: true
[Mon, 28 Aug 2017 11:16:13 +0000] [/] [-] no cache entry for 7e41a99510829ff94bba0c63931a8bab
[Mon, 28 Aug 2017 11:16:14 +0000] [/] [-] storing cached page: true original  true reason 
[Mon, 28 Aug 2017 11:16:18 +0000] [/?ga_action=googleanalytics_get_script] [http://bristolgate.co/] start, can_cache: false
[Mon, 28 Aug 2017 11:16:19 +0000] [/?ga_action=googleanalytics_get_script] [http://bristolgate.co/] start, can_cache: false
[Mon, 28 Aug 2017 11:16:19 +0000] [/?ga_action=googleanalytics_get_script] [http://bristolgate.co/] storing cached page: false original false reason Requested method is POST
[Mon, 28 Aug 2017 11:16:20 +0000] [/?ga_action=googleanalytics_get_script] [http://bristolgate.co/] storing cached page: false original false reason Requested method is POST
[Mon, 28 Aug 2017 11:16:38 +0000] [/wp-admin/admin-ajax.php] [http://bristolgate.co/wp-admin/options-general.php?page=aph-merge-scripts] skip processing because of generic constant
[Mon, 28 Aug 2017 11:17:31 +0000] [/wp-admin/admin-ajax.php] [http://bristolgate.co/wp-admin/post.php?post=12976&action=edit] skip processing because of generic constant
[Mon, 28 Aug 2017 11:17:52 +0000] [/wp-admin/admin-ajax.php] [http://bristolgate.co/wp-admin/admin.php?page=wpfastestcacheoptions] skip processing because of generic constant
[Mon, 28 Aug 2017 11:18:38 +0000] [/wp-admin/admin-ajax.php] [http://bristolgate.co/wp-admin/options-general.php?page=aph-merge-scripts] skip processing because of generic constant
[Mon, 28 Aug 2017 11:19:31 +0000] [/wp-admin/admin-ajax.php] [http://bristolgate.co/wp-admin/post.php?post=12976&action=edit] skip processing because of generic constant
[Mon, 28 Aug 2017 11:19:52 +0000] [/wp-admin/admin-ajax.php] [http://bristolgate.co/wp-admin/admin.php?page=wpfastestcacheoptions] skip processing because of generic constant
[Mon, 28 Aug 2017 11:20:38 +0000] [/wp-admin/admin-ajax.php] [http://bristolgate.co/wp-admin/options-general.php?page=aph-merge-scripts] skip processing because of generic constant
[Mon, 28 Aug 2017 11:21:31 +0000] [/wp-admin/admin-ajax.php] [http://bristolgate.co/wp-admin/post.php?post=12976&action=edit] skip processing because of generic constant
[Mon, 28 Aug 2017 11:21:53 +0000] [/wp-admin/admin-ajax.php] [http://bristolgate.co/wp-admin/admin.php?page=wpfastestcacheoptions] skip processing because of generic constant
[Mon, 28 Aug 2017 11:22:38 +0000] [/wp-admin/admin-ajax.php] [http://bristolgate.co/wp-admin/options-general.php?page=aph-merge-scripts] skip processing because of generic constant
[Mon, 28 Aug 2017 11:23:31 +0000] [/wp-admin/admin-ajax.php] [http://bristolgate.co/wp-admin/post.php?post=12976&action=edit] skip processing because of generic constant
[Mon, 28 Aug 2017 11:23:53 +0000] [/wp-admin/admin-ajax.php] [http://bristolgate.co/wp-admin/admin.php?page=wpfastestcacheoptions] skip processing because of generic constant
[Mon, 28 Aug 2017 11:24:38 +0000] [/wp-admin/admin-ajax.php] [http://bristolgate.co/wp-admin/options-general.php?page=aph-merge-scripts] skip processing because of generic constant
[Mon, 28 Aug 2017 11:25:31 +0000] [/wp-admin/admin-ajax.php] [http://bristolgate.co/wp-admin/post.php?post=12976&action=edit] skip processing because of generic constant
[Mon, 28 Aug 2017 11:25:53 +0000] [/wp-admin/admin-ajax.php] [http://bristolgate.co/wp-admin/admin.php?page=wpfastestcacheoptions] skip processing because of generic constant
[Mon, 28 Aug 2017 11:26:38 +0000] [/wp-admin/admin-ajax.php] [http://bristolgate.co/wp-admin/options-general.php?page=aph-merge-scripts] skip processing because of generic constant
[Mon, 28 Aug 2017 11:27:53 +0000] [/wp-admin/admin-ajax.php] [http://bristolgate.co/wp-admin/admin.php?page=wpfastestcacheoptions] skip processing because of generic constant
[Mon, 28 Aug 2017 11:28:38 +0000] [/wp-admin/admin-ajax.php] [http://bristolgate.co/wp-admin/options-general.php?page=aph-merge-scripts] skip processing because of generic constant
[Mon, 28 Aug 2017 11:29:54 +0000] [/wp-admin/admin-ajax.php] [http://bristolgate.co/wp-admin/admin.php?page=wpfastestcacheoptions] skip processing because of generic constant
[Mon, 28 Aug 2017 11:30:38 +0000] [/wp-admin/admin-ajax.php] [http://bristolgate.co/wp-admin/options-general.php?page=aph-merge-scripts] skip processing because of generic constant
[Mon, 28 Aug 2017 11:31:54 +0000] [/wp-admin/admin-ajax.php] [http://bristolgate.co/wp-admin/admin.php?page=wpfastestcacheoptions] skip processing because of generic constant
[Mon, 28 Aug 2017 11:32:20 +0000] [/wp-admin/admin-ajax.php] [http://bristolgate.co/wp-admin/theme-editor.php?file=footer.php&theme=Avada&scrollto=8336] skip processing because of generic constant
[Mon, 28 Aug 2017 11:32:25 +0000] [/wp-admin/admin-ajax.php] [http://bristolgate.co/wp-admin/options-general.php?page=aph-merge-scripts] skip processing because of generic constant
[Mon, 28 Aug 2017 11:32:44 +0000] [/wp-admin/options.php] [http://bristolgate.co/wp-admin/options-general.php?page=aph-merge-scripts] skip processing because of generic constant
[Mon, 28 Aug 2017 11:32:45 +0000] [/wp-admin/options-general.php?page=aph-merge-scripts&settings-updated=true] [http://bristolgate.co/wp-admin/options-general.php?page=aph-merge-scripts] skip processing because of generic constant
[Mon, 28 Aug 2017 11:33:09 +0000] [/?ga_action=googleanalytics_get_script] [http://bristolgate.co/] start, can_cache: false
[Mon, 28 Aug 2017 11:33:09 +0000] [/wp-content/uploads/2016/11/cropped-BG_ID_Art_Rev-192x192.jpg] [-] start, can_cache: true
[Mon, 28 Aug 2017 11:33:09 +0000] [/wp-content/uploads/2016/11/cropped-BG_ID_Art_Rev-192x192.jpg] [-] no cache entry for 3a7022b26263b1eeaf696b151967ebc2
[Mon, 28 Aug 2017 11:33:10 +0000] [/?ga_action=googleanalytics_get_script] [http://bristolgate.co/] storing cached page: false original false reason Requested method is POST
[Mon, 28 Aug 2017 11:33:11 +0000] [/wp-content/uploads/2016/11/cropped-BG_ID_Art_Rev-192x192.jpg] [-] storing cached page: false original  true reason Page is 404
[Mon, 28 Aug 2017 11:33:20 +0000] [/wp-admin/admin-ajax.php] [http://bristolgate.co/wp-admin/theme-editor.php?file=footer.php&theme=Avada&scrollto=8336] skip processing because of generic constant
[Mon, 28 Aug 2017 11:33:31 +0000] [/?ga_action=googleanalytics_get_script] [http://bristolgate.co/] start, can_cache: false
[Mon, 28 Aug 2017 11:33:32 +0000] [/?ga_action=googleanalytics_get_script] [http://bristolgate.co/] storing cached page: false original false reason Requested method is POST
[Mon, 28 Aug 2017 11:33:32 +0000] [/wp-content/uploads/2016/11/cropped-BG_ID_Art_Rev-192x192.jpg] [-] start, can_cache: true
[Mon, 28 Aug 2017 11:33:32 +0000] [/wp-content/uploads/2016/11/cropped-BG_ID_Art_Rev-192x192.jpg] [-] no cache entry for 3a7022b26263b1eeaf696b151967ebc2
[Mon, 28 Aug 2017 11:33:33 +0000] [/wp-content/uploads/2016/11/cropped-BG_ID_Art_Rev-192x192.jpg] [-] storing cached page: false original  true reason Page is 404
[Mon, 28 Aug 2017 11:33:34 +0000] [/wp-content/uploads/2016/11/cropped-BG_ID_Art_Rev-192x192.jpg] [-] start, can_cache: true
[Mon, 28 Aug 2017 11:33:34 +0000] [/wp-content/uploads/2016/11/cropped-BG_ID_Art_Rev-192x192.jpg] [-] no cache entry for 3a7022b26263b1eeaf696b151967ebc2
[Mon, 28 Aug 2017 11:33:34 +0000] [/wp-content/uploads/2016/11/cropped-BG_ID_Art_Rev-32x32.jpg] [-] start, can_cache: true
[Mon, 28 Aug 2017 11:33:34 +0000] [/wp-content/uploads/2016/11/cropped-BG_ID_Art_Rev-32x32.jpg] [-] no cache entry for e378136a39d3a2f3efa7e8bb5438c71f
[Mon, 28 Aug 2017 11:33:35 +0000] [/wp-content/uploads/2016/11/cropped-BG_ID_Art_Rev-32x32.jpg] [-] storing cached page: false original  true reason Page is 404
[Mon, 28 Aug 2017 11:33:36 +0000] [/wp-content/uploads/2016/11/cropped-BG_ID_Art_Rev-192x192.jpg] [-] storing cached page: false original  true reason Page is 404
[Mon, 28 Aug 2017 11:33:36 +0000] [/wp-content/uploads/2016/11/cropped-BG_ID_Art_Rev-192x192.jpg] [-] start, can_cache: true
[Mon, 28 Aug 2017 11:33:36 +0000] [/wp-content/uploads/2016/11/cropped-BG_ID_Art_Rev-192x192.jpg] [-] no cache entry for 3a7022b26263b1eeaf696b151967ebc2
[Mon, 28 Aug 2017 11:33:38 +0000] [/wp-content/uploads/2016/11/cropped-BG_ID_Art_Rev-192x192.jpg] [-] storing cached page: false original  true reason Page is 404
[Mon, 28 Aug 2017 11:33:50 +0000] [/wp-admin/admin-ajax.php] [http://bristolgate.co/wp-admin/options-general.php?page=aph-merge-scripts] skip processing because of generic constant
[Mon, 28 Aug 2017 11:33:54 +0000] [/wp-admin/admin-ajax.php] [http://bristolgate.co/wp-admin/admin.php?page=wpfastestcacheoptions] skip processing because of generic constant
[Mon, 28 Aug 2017 11:34:12 +0000] [/] [-] start, can_cache: true
[Mon, 28 Aug 2017 11:34:12 +0000] [/] [-] no cache entry for 7e41a99510829ff94bba0c63931a8bab
[Mon, 28 Aug 2017 11:34:13 +0000] [/] [-] storing cached page: true original  true reason 
[Mon, 28 Aug 2017 11:34:19 +0000] [/?ga_action=googleanalytics_get_script] [http://bristolgate.co/] start, can_cache: false
[Mon, 28 Aug 2017 11:34:19 +0000] [/?ga_action=googleanalytics_get_script] [http://bristolgate.co/] start, can_cache: false
[Mon, 28 Aug 2017 11:34:19 +0000] [/?ga_action=googleanalytics_get_script] [http://bristolgate.co/] storing cached page: false original false reason Requested method is POST
[Mon, 28 Aug 2017 11:34:20 +0000] [/?ga_action=googleanalytics_get_script] [http://bristolgate.co/] storing cached page: false original false reason Requested method is POST
[Mon, 28 Aug 2017 11:34:39 +0000] [/?ga_action=googleanalytics_get_script] [http://bristolgate.co/] start, can_cache: false
[Mon, 28 Aug 2017 11:34:39 +0000] [/wp-content/uploads/2016/11/cropped-BG_ID_Art_Rev-192x192.jpg] [-] start, can_cache: true
[Mon, 28 Aug 2017 11:34:39 +0000] [/wp-content/uploads/2016/11/cropped-BG_ID_Art_Rev-192x192.jpg] [-] no cache entry for 3a7022b26263b1eeaf696b151967ebc2
[Mon, 28 Aug 2017 11:34:39 +0000] [/?ga_action=googleanalytics_get_script] [http://bristolgate.co/] storing cached page: false original false reason Requested method is POST
[Mon, 28 Aug 2017 11:34:40 +0000] [/wp-content/uploads/2016/11/cropped-BG_ID_Art_Rev-192x192.jpg] [-] storing cached page: false original  true reason Page is 404
[Mon, 28 Aug 2017 11:35:21 +0000] [/wp-admin/admin-ajax.php] [http://bristolgate.co/wp-admin/theme-editor.php?file=footer.php&theme=Avada&scrollto=8336] skip processing because of generic constant
[Mon, 28 Aug 2017 11:35:25 +0000] [/wp-admin/admin-ajax.php] [http://bristolgate.co/wp-admin/options-general.php?page=aph-merge-scripts] skip processing because of generic constant
[Mon, 28 Aug 2017 11:35:26 +0000] [/?ga_action=googleanalytics_get_script] [http://bristolgate.co/] start, can_cache: false
[Mon, 28 Aug 2017 11:35:26 +0000] [/wp-content/uploads/2016/11/cropped-BG_ID_Art_Rev-192x192.jpg] [-] start, can_cache: true
[Mon, 28 Aug 2017 11:35:26 +0000] [/wp-content/uploads/2016/11/cropped-BG_ID_Art_Rev-192x192.jpg] [-] no cache entry for 3a7022b26263b1eeaf696b151967ebc2
[Mon, 28 Aug 2017 11:35:27 +0000] [/?ga_action=googleanalytics_get_script] [http://bristolgate.co/] storing cached page: false original false reason Requested method is POST
[Mon, 28 Aug 2017 11:35:28 +0000] [/wp-content/uploads/2016/11/cropped-BG_ID_Art_Rev-192x192.jpg] [-] storing cached page: false original  true reason Page is 404
[Mon, 28 Aug 2017 11:35:28 +0000] [/wp-content/uploads/2016/11/cropped-BG_ID_Art_Rev-192x192.jpg] [-] start, can_cache: true
[Mon, 28 Aug 2017 11:35:28 +0000] [/wp-content/uploads/2016/11/cropped-BG_ID_Art_Rev-192x192.jpg] [-] no cache entry for 3a7022b26263b1eeaf696b151967ebc2
[Mon, 28 Aug 2017 11:35:28 +0000] [/wp-content/uploads/2016/11/cropped-BG_ID_Art_Rev-32x32.jpg] [-] start, can_cache: true
[Mon, 28 Aug 2017 11:35:28 +0000] [/wp-content/uploads/2016/11/cropped-BG_ID_Art_Rev-32x32.jpg] [-] no cache entry for e378136a39d3a2f3efa7e8bb5438c71f
[Mon, 28 Aug 2017 11:35:29 +0000] [/wp-admin/admin-ajax.php] [http://bristolgate.co/wp-admin/admin.php?page=wpfastestcacheoptions] skip processing because of generic constant
[Mon, 28 Aug 2017 11:35:30 +0000] [/wp-content/uploads/2016/11/cropped-BG_ID_Art_Rev-192x192.jpg] [-] storing cached page: false original  true reason Page is 404
[Mon, 28 Aug 2017 11:35:30 +0000] [/wp-content/uploads/2016/11/cropped-BG_ID_Art_Rev-32x32.jpg] [-] storing cached page: false original  true reason Page is 404
[Mon, 28 Aug 2017 11:35:34 +0000] [/wp-admin/plugins.php] [http://bristolgate.co/wp-admin/admin.php?page=wpfastestcacheoptions] skip processing because of generic constant
[Mon, 28 Aug 2017 11:35:45 +0000] [/wp-admin/plugins.php?action=deactivate&plugin=w3-total-cache%2Fw3-total-cache.php&plugin_status=all&paged=1&s&_wpnonce=9cde815d10] [http://bristolgate.co/wp-admin/plugins.php] skip processing because of generic constant
